{
    "07:25:25 (706bf958)": "sum: 252",
    "07:25:25 (46f76a4b)": "type: array",
    "07:25:25 (6709e8d6)": "Gearge: 17",
    "07:25:25 (1e4d3617)": "c: 200",
    "07:25:25 (5c6287be)": "b: 25",
    "07:25:25 (b1300291)": "a: 10",
    "17:13:05 (56c3b2c6)": "sum: 252",
    "17:13:05 (2f364281)": "type: array",
    "17:13:05 (e2ef524f)": "Gearge: 17",
    "17:13:05 (019d385e)": "c: 200",
    "17:13:05 (894b77f8)": "b: 25",
    "17:13:05 (217eedd1)": "a: 10",
    "17:12:19 (859b00ae)": "sum: 252",
    "17:12:19 (a4a83056)": "type: array",
    "17:12:19 (fdb55ce8)": "Gearge: 17",
    "17:12:19 (3dfe2f63)": "c: 200",
    "17:12:19 (7e3315fe)": "b: 25",
    "17:12:19 (df839716)": "a: 10",
    "17:05:32 (c4500821)": "sum: 252"
}